1686153910783:exit
1686239561094:p 4
1686239579045:l 2
1686239583916:p 4
1686239592860:p
1686239596357:l 4
1686239598013:p
1686239673682:l 4
1686239677376:p
1686239691664:exit
1686240295967:start
1686240298382:st
1686240299430:s
1686240304110:help
1686240319175:c 4
1686240325031:s
1686240481798:te
1686240482820:s
1686240486541:c 4
1686240490845:test
1686240493965:t
1686240497149:s
1686240571081:t
1686240573656:s
1686240580506:check 4
1686240596105:st
1686240599769:tes
1686240602761:start
1686241106131:exit
1686241145389:c 4
1686241146788:s
1686241157773:ext
1686241159973:exit
1686241361830:help
1687281567322:sta
1687281569458:start
1687281600051:che2
1687281604754:ch 2
1687281610163:start
1687281613434:s
1687281617187:ch 4
1687281618179:s
1687281629307:exit
